<?xml version="1.0" encoding="UTF-8"?>
<testsuite xmlns:xsi="http://www.w3.org/2001/XMLSchema-instance" xsi:noNamespaceSchemaLocation="https://maven.apache.org/surefire/maven-surefire-plugin/xsd/surefire-test-report-3.0.xsd" version="3.0" name="org.tree_tester.model.concrete.Tree.AVLTreeTest" time="0.071" tests="25" errors="0" skipped="0" failures="0">
  <properties>
    <property name="java.specification.version" value="17"/>
    <property name="sun.cpu.isalist" value="amd64"/>
    <property name="sun.jnu.encoding" value="Cp1252"/>
    <property name="java.class.path" value="C:\Users\adria\Documents\GitHub\Data_Estructures_UNAL\Tree-Tester\target\test-classes;C:\Users\adria\Documents\GitHub\Data_Estructures_UNAL\Tree-Tester\target\classes;C:\Users\adria\.m2\repository\org\junit\jupiter\junit-jupiter-engine\5.9.2\junit-jupiter-engine-5.9.2.jar;C:\Users\adria\.m2\repository\org\junit\platform\junit-platform-engine\1.9.2\junit-platform-engine-1.9.2.jar;C:\Users\adria\.m2\repository\org\apiguardian\apiguardian-api\1.1.2\apiguardian-api-1.1.2.jar;C:\Users\adria\.m2\repository\org\junit\jupiter\junit-jupiter-api\5.9.2\junit-jupiter-api-5.9.2.jar;C:\Users\adria\.m2\repository\org\opentest4j\opentest4j\1.2.0\opentest4j-1.2.0.jar;C:\Users\adria\.m2\repository\org\junit\platform\junit-platform-commons\1.9.2\junit-platform-commons-1.9.2.jar;C:\Users\adria\.m2\repository\org\junit\jupiter\junit-jupiter-params\5.9.2\junit-jupiter-params-5.9.2.jar;"/>
    <property name="java.vm.vendor" value="Microsoft"/>
    <property name="sun.arch.data.model" value="64"/>
    <property name="user.variant" value=""/>
    <property name="java.vendor.url" value="https://www.microsoft.com"/>
    <property name="user.timezone" value="America/Bogota"/>
    <property name="os.name" value="Windows 11"/>
    <property name="java.vm.specification.version" value="17"/>
    <property name="sun.java.launcher" value="SUN_STANDARD"/>
    <property name="user.country" value="CO"/>
    <property name="sun.boot.library.path" value="C:\Users\adria\.jdks\ms-17.0.15\bin"/>
    <property name="sun.java.command" value="C:\Users\adria\AppData\Local\Temp\surefire8766233133819130705\surefirebooter-20250702200904349_3.jar C:\Users\adria\AppData\Local\Temp\surefire8766233133819130705 2025-07-02T20-09-03_860-jvmRun1 surefire-20250702200904349_1tmp surefire_0-20250702200904349_2tmp"/>
    <property name="jdk.debug" value="release"/>
    <property name="surefire.test.class.path" value="C:\Users\adria\Documents\GitHub\Data_Estructures_UNAL\Tree-Tester\target\test-classes;C:\Users\adria\Documents\GitHub\Data_Estructures_UNAL\Tree-Tester\target\classes;C:\Users\adria\.m2\repository\org\junit\jupiter\junit-jupiter-engine\5.9.2\junit-jupiter-engine-5.9.2.jar;C:\Users\adria\.m2\repository\org\junit\platform\junit-platform-engine\1.9.2\junit-platform-engine-1.9.2.jar;C:\Users\adria\.m2\repository\org\apiguardian\apiguardian-api\1.1.2\apiguardian-api-1.1.2.jar;C:\Users\adria\.m2\repository\org\junit\jupiter\junit-jupiter-api\5.9.2\junit-jupiter-api-5.9.2.jar;C:\Users\adria\.m2\repository\org\opentest4j\opentest4j\1.2.0\opentest4j-1.2.0.jar;C:\Users\adria\.m2\repository\org\junit\platform\junit-platform-commons\1.9.2\junit-platform-commons-1.9.2.jar;C:\Users\adria\.m2\repository\org\junit\jupiter\junit-jupiter-params\5.9.2\junit-jupiter-params-5.9.2.jar;"/>
    <property name="sun.cpu.endian" value="little"/>
    <property name="user.home" value="C:\Users\adria"/>
    <property name="user.language" value="es"/>
    <property name="java.specification.vendor" value="Oracle Corporation"/>
    <property name="java.version.date" value="2025-04-15"/>
    <property name="java.home" value="C:\Users\adria\.jdks\ms-17.0.15"/>
    <property name="file.separator" value="\"/>
    <property name="basedir" value="C:\Users\adria\Documents\GitHub\Data_Estructures_UNAL\Tree-Tester"/>
    <property name="java.vm.compressedOopsMode" value="Zero based"/>
    <property name="line.separator" value="&#10;"/>
    <property name="java.vm.specification.vendor" value="Oracle Corporation"/>
    <property name="java.specification.name" value="Java Platform API Specification"/>
    <property name="surefire.real.class.path" value="C:\Users\adria\AppData\Local\Temp\surefire8766233133819130705\surefirebooter-20250702200904349_3.jar"/>
    <property name="user.script" value=""/>
    <property name="sun.management.compiler" value="HotSpot 64-Bit Tiered Compilers"/>
    <property name="java.runtime.version" value="17.0.15+6-LTS"/>
    <property name="user.name" value="adria"/>
    <property name="path.separator" value=";"/>
    <property name="os.version" value="10.0"/>
    <property name="java.runtime.name" value="OpenJDK Runtime Environment"/>
    <property name="file.encoding" value="Cp1252"/>
    <property name="java.vm.name" value="OpenJDK 64-Bit Server VM"/>
    <property name="java.vendor.version" value="Microsoft-11369865"/>
    <property name="localRepository" value="C:\Users\adria\.m2\repository"/>
    <property name="java.vendor.url.bug" value="https://github.com/microsoft/openjdk/issues"/>
    <property name="java.io.tmpdir" value="C:\Users\adria\AppData\Local\Temp\"/>
    <property name="idea.version" value="2025.1.3"/>
    <property name="java.version" value="17.0.15"/>
    <property name="user.dir" value="C:\Users\adria\Documents\GitHub\Data_Estructures_UNAL\Tree-Tester"/>
    <property name="os.arch" value="amd64"/>
    <property name="java.vm.specification.name" value="Java Virtual Machine Specification"/>
    <property name="sun.os.patch.level" value=""/>
    <property name="native.encoding" value="Cp1252"/>
    <property name="java.library.path" value="C:\Users\adria\.jdks\ms-17.0.15\bin;C:\WINDOWS\Sun\Java\bin;C:\WINDOWS\system32;C:\WINDOWS;C:\Program Files\Common Files\Oracle\Java\javapath;C:\windows\system32;C:\windows;C:\windows\System32\Wbem;C:\windows\System32\WindowsPowerShell\v1.0\;C:\windows\System32\OpenSSH\;C:\Program Files\HP\HP One Agent;C:\Program Files\Git\cmd;C:\WINDOWS\system32;C:\WINDOWS;C:\WINDOWS\System32\Wbem;C:\WINDOWS\System32\WindowsPowerShell\v1.0\;C:\WINDOWS\System32\OpenSSH\;C:\Users\adria\Documentos\Adriana\configuracionAutomation\apache-maven-3.9.9\bin;C:\Program Files\nodejs\;C:\Program Files\Docker\Docker\resources\bin;C:\Users\adria\AppData\Local\Programs\Python\Python313\Scripts\;C:\Users\adria\AppData\Local\Programs\Python\Python313\;C:\Users\adria\AppData\Local\Programs\Python\Launcher\;C:\Users\adria\AppData\Local\Microsoft\WindowsApps;C:\Program Files\JetBrains\PyCharm 2024.3.2\bin;;C:\Program Files\JetBrains\CLion 2024.3\bin;;C:\Users\adria\AppData\Local\Programs\Microsoft VS Code\bin;C:\Users\adria\AppData\Local\GitHubDesktop\bin;C:\Program Files\JetBrains\IntelliJ IDEA 2025.1\bin;;C:\Users\adria\AppData\Roaming\npm;C:\Program Files (x86)\Nmap;."/>
    <property name="java.vm.info" value="mixed mode, sharing"/>
    <property name="java.vendor" value="Microsoft"/>
    <property name="java.vm.version" value="17.0.15+6-LTS"/>
    <property name="java.specification.maintenance.version" value="1"/>
    <property name="sun.io.unicode.encoding" value="UnicodeLittle"/>
    <property name="java.class.version" value="61.0"/>
  </properties>
  <testcase name="testHeightCalculation" classname="org.tree_tester.model.concrete.Tree.AVLTreeTest" time="0.002"/>
  <testcase name="testLeftRightRotation" classname="org.tree_tester.model.concrete.Tree.AVLTreeTest" time="0.001"/>
  <testcase name="testAlwaysBalanced" classname="org.tree_tester.model.concrete.Tree.AVLTreeTest" time="0.001"/>
  <testcase name="testMultipleElementsInsertionBalance" classname="org.tree_tester.model.concrete.Tree.AVLTreeTest" time="0.001"/>
  <testcase name="testGetTreeType" classname="org.tree_tester.model.concrete.Tree.AVLTreeTest" time="0.004"/>
  <testcase name="testStressTest" classname="org.tree_tester.model.concrete.Tree.AVLTreeTest" time="0.02"/>
  <testcase name="testClear" classname="org.tree_tester.model.concrete.Tree.AVLTreeTest" time="0.001"/>
  <testcase name="testLeftRotation" classname="org.tree_tester.model.concrete.Tree.AVLTreeTest" time="0.001"/>
  <testcase name="testSequentialInsertionBalance" classname="org.tree_tester.model.concrete.Tree.AVLTreeTest" time="0.001"/>
  <testcase name="testFindMinMax" classname="org.tree_tester.model.concrete.Tree.AVLTreeTest" time="0.001"/>
  <testcase name="testDeletionOfRoot" classname="org.tree_tester.model.concrete.Tree.AVLTreeTest" time="0.001"/>
  <testcase name="testDuplicateInsertion" classname="org.tree_tester.model.concrete.Tree.AVLTreeTest" time="0.001"/>
  <testcase name="testEmptyTreeCreation" classname="org.tree_tester.model.concrete.Tree.AVLTreeTest" time="0.001"/>
  <testcase name="testTraversals" classname="org.tree_tester.model.concrete.Tree.AVLTreeTest" time="0"/>
  <testcase name="testSingleElementInsertion" classname="org.tree_tester.model.concrete.Tree.AVLTreeTest" time="0.001"/>
  <testcase name="testDeletionNonExisting" classname="org.tree_tester.model.concrete.Tree.AVLTreeTest" time="0.001"/>
  <testcase name="testRightRotation" classname="org.tree_tester.model.concrete.Tree.AVLTreeTest" time="0.001"/>
  <testcase name="testWithStringElements" classname="org.tree_tester.model.concrete.Tree.AVLTreeTest" time="0.001"/>
  <testcase name="testCountLeaves" classname="org.tree_tester.model.concrete.Tree.AVLTreeTest" time="0.001"/>
  <testcase name="testPerfectBinaryTreeSizes(int)[1]" classname="org.tree_tester.model.concrete.Tree.AVLTreeTest" time="0.002"/>
  <testcase name="testPerfectBinaryTreeSizes(int)[2]" classname="org.tree_tester.model.concrete.Tree.AVLTreeTest" time="0.001"/>
  <testcase name="testPerfectBinaryTreeSizes(int)[3]" classname="org.tree_tester.model.concrete.Tree.AVLTreeTest" time="0.001"/>
  <testcase name="testPerfectBinaryTreeSizes(int)[4]" classname="org.tree_tester.model.concrete.Tree.AVLTreeTest" time="0"/>
  <testcase name="testDeletionMaintainsBalance" classname="org.tree_tester.model.concrete.Tree.AVLTreeTest" time="0.001"/>
  <testcase name="testRightLeftRotation" classname="org.tree_tester.model.concrete.Tree.AVLTreeTest" time="0.002"/>
</testsuite>